<?xml version="1.0" encoding="UTF-8"?>
<!-- Generated by org.testng.reporters.JUnitXMLReporter -->
<testsuite hostname="DESKTOP-DFVBH6D" name="Default test" tests="3" failures="0" timestamp="29 Jan 2020 03:22:19 GMT" time="0.056" errors="0">
  <testcase name="sum" time="0.015" classname="com.test.invocationCount"/>
  <testcase name="sum" time="0.002" classname="com.test.invocationCount"/>
  <testcase name="sum" time="0.003" classname="com.test.invocationCount"/>
</testsuite> <!-- Default test -->
